Performing C SOURCE FILE Test CMAKE_HAVE_LIBC_PTHREAD failed with the following output:
Change Dir: /home/pi/rah_ws/build/CMakeFiles/CMakeTmp

Run Build Command(s):/usr/bin/make cmTC_168a0/fast && /usr/bin/make -f CMakeFiles/cmTC_168a0.dir/build.make CMakeFiles/cmTC_168a0.dir/build
make[1]: se entra en el directorio '/home/pi/rah_ws/build/CMakeFiles/CMakeTmp'
Building C object CMakeFiles/cmTC_168a0.dir/src.c.o
/usr/bin/cc   -DCMAKE_HAVE_LIBC_PTHREAD   -o CMakeFiles/cmTC_168a0.dir/src.c.o   -c /home/pi/rah_ws/build/CMakeFiles/CMakeTmp/src.c
Linking C executable cmTC_168a0
/usr/bin/cmake -E cmake_link_script CMakeFiles/cmTC_168a0.dir/link.txt --verbose=1
/usr/bin/cc  -DCMAKE_HAVE_LIBC_PTHREAD    -rdynamic CMakeFiles/cmTC_168a0.dir/src.c.o  -o cmTC_168a0 
/usr/bin/ld: CMakeFiles/cmTC_168a0.dir/src.c.o: en la función `main':
src.c:(.text+0x40): referencia a `pthread_create' sin definir
/usr/bin/ld: src.c:(.text+0x4c): referencia a `pthread_detach' sin definir
/usr/bin/ld: src.c:(.text+0x5c): referencia a `pthread_join' sin definir
collect2: error: ld returned 1 exit status
make[1]: *** [CMakeFiles/cmTC_168a0.dir/build.make:87: cmTC_168a0] Error 1
make[1]: se sale del directorio '/home/pi/rah_ws/build/CMakeFiles/CMakeTmp'
make: *** [Makefile:121: cmTC_168a0/fast] Error 2


Source file was:
#include <pthread.h>

void* test_func(void* data)
{
  return data;
}

int main(void)
{
  pthread_t thread;
  pthread_create(&thread, NULL, test_func, NULL);
  pthread_detach(thread);
  pthread_join(thread, NULL);
  pthread_atfork(NULL, NULL, NULL);
  pthread_exit(NULL);

  return 0;
}

Determining if the function pthread_create exists in the pthreads failed with the following output:
Change Dir: /home/pi/rah_ws/build/CMakeFiles/CMakeTmp

Run Build Command(s):/usr/bin/make cmTC_08c79/fast && /usr/bin/make -f CMakeFiles/cmTC_08c79.dir/build.make CMakeFiles/cmTC_08c79.dir/build
make[1]: se entra en el directorio '/home/pi/rah_ws/build/CMakeFiles/CMakeTmp'
Building C object CMakeFiles/cmTC_08c79.dir/CheckFunctionExists.c.o
/usr/bin/cc   -DCHECK_FUNCTION_EXISTS=pthread_create   -o CMakeFiles/cmTC_08c79.dir/CheckFunctionExists.c.o   -c /usr/share/cmake-3.16/Modules/CheckFunctionExists.c
Linking C executable cmTC_08c79
/usr/bin/cmake -E cmake_link_script CMakeFiles/cmTC_08c79.dir/link.txt --verbose=1
/usr/bin/cc  -DCHECK_FUNCTION_EXISTS=pthread_create    -rdynamic CMakeFiles/cmTC_08c79.dir/CheckFunctionExists.c.o  -o cmTC_08c79  -lpthreads 
/usr/bin/ld: no se puede encontrar -lpthreads
collect2: error: ld returned 1 exit status
make[1]: *** [CMakeFiles/cmTC_08c79.dir/build.make:87: cmTC_08c79] Error 1
make[1]: se sale del directorio '/home/pi/rah_ws/build/CMakeFiles/CMakeTmp'
make: *** [Makefile:121: cmTC_08c79/fast] Error 2



